#
# A fatal error has been detected by the Java Runtime Environment:
#
#  EXCEPTION_ACCESS_VIOLATION (0xc0000005) at pc=0x5090757e, pid=19352, tid=0x00001254
#
# JRE version: Java(TM) SE Runtime Environment (8.0_191-b12) (build 1.8.0_191-b12)
# Java VM: Java HotSpot(TM) Client VM (25.191-b12 mixed mode windows-x86 )
# Problematic frame:
# V  [jvm.dll+0xe757e]
#
# Failed to write core dump. Minidumps are not enabled by default on client versions of Windows
#
# If you would like to submit a bug report, please visit:
#   http://bugreport.java.com/bugreport/crash.jsp
#

---------------  T H R E A D  ---------------

Current thread (0x2919cc00):  JavaThread "EventThread COM11" [_thread_in_vm, id=4692, stack(0x009c0000,0x00a10000)]

siginfo: ExceptionCode=0xc0000005, reading address 0x00000000

Registers:
EAX=0x00000000, EBX=0x275eab60, ECX=0x2919cc00, EDX=0x0000009f
ESP=0x00a0f5ec, EBP=0x00a0f608, ESI=0x00000000, EDI=0x2919cc00
EIP=0x5090757e, EFLAGS=0x00010246

Top of Stack: (sp=0x00a0f5ec)
0x00a0f5ec:   00a0f624 2919cd40 275eab60 2919cc00
0x00a0f5fc:   2799fe84 0000009f 50b05568 00a0f938
0x00a0f60c:   6400183d 2919cd40 00000000 00000000
0x00a0f61c:   000002cc 00a0f624 0a0d3030 30302e30
0x00a0f62c:   2e300a0d 0a0d3030 32312e30 2e300a0d
0x00a0f63c:   0a0d3030 30302e30 2e300a0d 0a0d3030
0x00a0f64c:   30302e30 2e300a0d 0a0d3030 30302e30
0x00a0f65c:   2e300a0d 0a0d3030 30302e30 2e300a0d 

Instructions: (pc=0x5090757e)
0x5090755e:   c4 08 83 7f 04 00 89 7d f0 c7 45 f4 00 00 00 00
0x5090756e:   74 08 8d 4d f0 e8 e8 34 0c 00 8b 75 10 8b 45 0c
0x5090757e:   8b 10 85 f6 78 32 8b 45 14 85 c0 78 2b 8d 0c 06
0x5090758e:   3b 4a 08 77 23 85 c0 7e 3b 8b 4a 04 8b 49 04 83 


Register to memory mapping:

EAX=0x00000000 is an unknown value
EBX=0x275eab60 is an unknown value
ECX=0x2919cc00 is a thread
EDX=0x0000009f is an unknown value
ESP=0x00a0f5ec is pointing into the stack for thread: 0x2919cc00
EBP=0x00a0f608 is pointing into the stack for thread: 0x2919cc00
ESI=0x00000000 is an unknown value
EDI=0x2919cc00 is a thread


Stack: [0x009c0000,0x00a10000],  sp=0x00a0f5ec,  free space=317k
Native frames: (J=compiled Java code, j=interpreted, Vv=VM code, C=native code)
V  [jvm.dll+0xe757e]
C  [jSSC-2.8_x86.dll+0x183d]
J 3022  jssc.SerialNativeInterface.readBytes(JI)[B (0 bytes) @ 0x02d58c65 [0x02d58bd0+0x95]
J 3372% C1 jssc.SerialPort$EventThread.run()V (84 bytes) @ 0x02dcf4c0 [0x02dcf210+0x2b0]
v  ~StubRoutines::call_stub
V  [jvm.dll+0x15c315]
V  [jvm.dll+0x223ece]
V  [jvm.dll+0x15c3ae]
V  [jvm.dll+0x15c536]
V  [jvm.dll+0x15c5a7]
V  [jvm.dll+0x1002ef]
V  [jvm.dll+0x17f550]
V  [jvm.dll+0x17fdca]
V  [jvm.dll+0x1c57a6]
C  [msvcr100.dll+0x5c556]
C  [msvcr100.dll+0x5c600]
C  [KERNEL32.DLL+0x1fa29]
C  [ntdll.dll+0x67a7e]
C  [ntdll.dll+0x67a4e]
C  0x00000000

Java frames: (J=compiled Java code, j=interpreted, Vv=VM code)
J 3022  jssc.SerialNativeInterface.readBytes(JI)[B (0 bytes) @ 0x02d58c21 [0x02d58bd0+0x51]
J 3372% C1 jssc.SerialPort$EventThread.run()V (84 bytes) @ 0x02dcf4c0 [0x02dcf210+0x2b0]
v  ~StubRoutines::call_stub

---------------  P R O C E S S  ---------------

Java Threads: ( => current thread )
=>0x2919cc00 JavaThread "EventThread COM11" [_thread_in_vm, id=4692, stack(0x009c0000,0x00a10000)]
  0x29199000 JavaThread "DestroyJavaVM" [_thread_blocked, id=23676, stack(0x00ca0000,0x00cf0000)]
  0x27a7a800 JavaThread "AWT-EventQueue-0" [_thread_blocked, id=23752, stack(0x27150000,0x271a0000)]
  0x27a7d000 JavaThread "AWT-Shutdown" [_thread_blocked, id=22968, stack(0x270c0000,0x27110000)]
  0x27a7a400 JavaThread "Batik CleanerThread" daemon [_thread_blocked, id=25244, stack(0x04960000,0x049b0000)]
  0x27a7bc00 JavaThread "TimerQueue" daemon [_thread_blocked, id=25048, stack(0x00c50000,0x00ca0000)]
  0x26574400 JavaThread "JmDNS(DESKTOP-A01TBTS.local.).State.Timer" [_thread_blocked, id=18224, stack(0x288e0000,0x28930000)]
  0x26574000 JavaThread "JmDNS(DESKTOP-A01TBTS.local.).Timer" daemon [_thread_blocked, id=6668, stack(0x28850000,0x288a0000)]
  0x2656e800 JavaThread "SocketListener(DESKTOP-A01TBTS.local.)" daemon [_thread_blocked, id=19684, stack(0x287a0000,0x287f0000)]
  0x27a6e800 JavaThread "Multihomed mDNS.Timer" daemon [_thread_blocked, id=23768, stack(0x283d0000,0x28420000)]
  0x27a6fc00 JavaThread "cc.arduino.packages.discoverers.serial.SerialDiscovery" [_thread_blocked, id=4252, stack(0x284f0000,0x28540000)]
  0x2652b800 JavaThread "AWT-Windows" daemon [_thread_in_native, id=22752, stack(0x26ab0000,0x26b00000)]
  0x2652a400 JavaThread "Java2D Disposer" daemon [_thread_blocked, id=17740, stack(0x26990000,0x269e0000)]
  0x25d92000 JavaThread "Service Thread" daemon [_thread_blocked, id=24924, stack(0x261b0000,0x26200000)]
  0x25d8e400 JavaThread "C1 CompilerThread0" daemon [_thread_blocked, id=23544, stack(0x26120000,0x26170000)]
  0x25d8d400 JavaThread "Attach Listener" daemon [_thread_blocked, id=23512, stack(0x26090000,0x260e0000)]
  0x25d8b400 JavaThread "Signal Dispatcher" daemon [_thread_blocked, id=21552, stack(0x26040000,0x26090000)]
  0x25d6b400 JavaThread "Finalizer" daemon [_thread_blocked, id=25556, stack(0x25140000,0x25190000)]
  0x25d65400 JavaThread "Reference Handler" daemon [_thread_blocked, id=19212, stack(0x250b0000,0x25100000)]

Other Threads:
  0x25d50400 VMThread [stack: 0x25020000,0x25070000] [id=5020]
  0x25d95c00 WatcherThread [stack: 0x26240000,0x26290000] [id=7364]

VM state:synchronizing (normal execution)

VM Mutex/Monitor currently owned by a thread:  ([mutex/lock_event])
[0x00aad248] Threads_lock - owner thread: 0x25d50400
[0x00aada58] Heap_lock - owner thread: 0x2656e800

Heap:
 def new generation   total 157248K, used 157247K [0x04a00000, 0x0f4a0000, 0x0f4a0000)
  eden space 139776K,  99% used [0x04a00000, 0x0d27fff8, 0x0d280000)
  from space 17472K,  99% used [0x0e390000, 0x0f49fff8, 0x0f4a0000)
  to   space 17472K,   0% used [0x0d280000, 0x0d280000, 0x0e390000)
 tenured generation   total 349568K, used 349568K [0x0f4a0000, 0x24a00000, 0x24a00000)
   the space 349568K, 100% used [0x0f4a0000, 0x24a00000, 0x24a00000, 0x24a00000)
 Metaspace       used 22284K, capacity 22798K, committed 22912K, reserved 22912K

Card table byte_map: [0x24a00000,0x24b10000] byte_map_base: 0x249db000

Polling page: 0x00cf0000

CodeCache: size=32768Kb used=2463Kb max_used=6154Kb free=30304Kb
 bounds [0x02880000, 0x02e88000, 0x04880000]
 total_blobs=1529 nmethods=1246 adapters=212
 compilation: enabled

Compilation events (10 events):
Event: 885.102 Thread 0x25d8e400 nmethod 12016 0x029bfb88 code [0x029bfc80, 0x029bfd20]
Event: 885.189 Thread 0x25d8e400 12017             javax.swing.text.CompositeView::getView (7 bytes)
Event: 885.190 Thread 0x25d8e400 nmethod 12017 0x029bf948 code [0x029bfa40, 0x029bfae0]
Event: 885.536 Thread 0x25d8e400 12018             java.util.HashMap$KeySet::iterator (12 bytes)
Event: 885.536 Thread 0x25d8e400 nmethod 12018 0x02d5fac8 code [0x02d5fbd0, 0x02d5fcbc]
Event: 885.536 Thread 0x25d8e400 12019             java.util.HashMap$KeyIterator::<init> (11 bytes)
Event: 885.536 Thread 0x25d8e400 nmethod 12019 0x02adcb48 code [0x02adcc40, 0x02adccdc]
Event: 885.543 Thread 0x25d8e400 12020  s          java.util.Hashtable::put (104 bytes)
Event: 885.543 Thread 0x25d8e400 nmethod 12020 0x02e13448 code [0x02e13590, 0x02e13920]
Event: 899.300 Thread 0x25d8e400 12021             sun.util.locale.provider.RuleBasedBreakIterator::readTables (413 bytes)

GC Heap History (10 events):
Event: 901.319 GC heap before
{Heap before GC invocations=2197 (full 1203):
 def new generation   total 157248K, used 157247K [0x04a00000, 0x0f4a0000, 0x0f4a0000)
  eden space 139776K,  99% used [0x04a00000, 0x0d27fff8, 0x0d280000)
  from space 17472K,  99% used [0x0e390000, 0x0f49fff8, 0x0f4a0000)
  to   space 17472K,   0% used [0x0d280000, 0x0d280000, 0x0e390000)
 tenured generation   total 349568K, used 349568K [0x0f4a0000, 0x24a00000, 0x24a00000)
   the space 349568K, 100% used [0x0f4a0000, 0x24a00000, 0x24a00000, 0x24a00000)
 Metaspace       used 22284K, capacity 22798K, committed 22912K, reserved 22912K
Event: 901.636 GC heap after
Heap after GC invocations=2198 (full 1204):
 def new generation   total 157248K, used 157247K [0x04a00000, 0x0f4a0000, 0x0f4a0000)
  eden space 139776K,  99% used [0x04a00000, 0x0d27fff8, 0x0d280000)
  from space 17472K,  99% used [0x0e390000, 0x0f49fc10, 0x0f4a0000)
  to   space 17472K,   0% used [0x0d280000, 0x0d280000, 0x0e390000)
 tenured generation   total 349568K, used 349568K [0x0f4a0000, 0x24a00000, 0x24a00000)
   the space 349568K, 100% used [0x0f4a0000, 0x24a00000, 0x24a00000, 0x24a00000)
 Metaspace       used 22284K, capacity 22798K, committed 22912K, reserved 22912K
}
Event: 901.636 GC heap before
{Heap before GC invocations=2198 (full 1204):
 def new generation   total 157248K, used 157247K [0x04a00000, 0x0f4a0000, 0x0f4a0000)
  eden space 139776K,  99% used [0x04a00000, 0x0d27fff8, 0x0d280000)
  from space 17472K, 100% used [0x0e390000, 0x0f4a0000, 0x0f4a0000)
  to   space 17472K,   0% used [0x0d280000, 0x0d280000, 0x0e390000)
 tenured generation   total 349568K, used 349568K [0x0f4a0000, 0x24a00000, 0x24a00000)
   the space 349568K, 100% used [0x0f4a0000, 0x24a00000, 0x24a00000, 0x24a00000)
 Metaspace       used 22284K, capacity 22798K, committed 22912K, reserved 22912K
Event: 901.953 GC heap after
Heap after GC invocations=2199 (full 1205):
 def new generation   total 157248K, used 157246K [0x04a00000, 0x0f4a0000, 0x0f4a0000)
  eden space 139776K,  99% used [0x04a00000, 0x0d27fff8, 0x0d280000)
  from space 17472K,  99% used [0x0e390000, 0x0f49fb30, 0x0f4a0000)
  to   space 17472K,   0% used [0x0d280000, 0x0d280000, 0x0e390000)
 tenured generation   total 349568K, used 349568K [0x0f4a0000, 0x24a00000, 0x24a00000)
   the space 349568K, 100% used [0x0f4a0000, 0x24a00000, 0x24a00000, 0x24a00000)
 Metaspace       used 22284K, capacity 22798K, committed 22912K, reserved 22912K
}
Event: 901.953 GC heap before
{Heap before GC invocations=2199 (full 1205):
 def new generation   total 157248K, used 157247K [0x04a00000, 0x0f4a0000, 0x0f4a0000)
  eden space 139776K,  99% used [0x04a00000, 0x0d27fff8, 0x0d280000)
  from space 17472K, 100% used [0x0e390000, 0x0f4a0000, 0x0f4a0000)
  to   space 17472K,   0% used [0x0d280000, 0x0d280000, 0x0e390000)
 tenured generation   total 349568K, used 349568K [0x0f4a0000, 0x24a00000, 0x24a00000)
   the space 349568K, 100% used [0x0f4a0000, 0x24a00000, 0x24a00000, 0x24a00000)
 Metaspace       used 22284K, capacity 22798K, committed 22912K, reserved 22912K
Event: 902.268 GC heap after
Heap after GC invocations=2200 (full 1206):
 def new generation   total 157248K, used 157247K [0x04a00000, 0x0f4a0000, 0x0f4a0000)
  eden space 139776K,  99% used [0x04a00000, 0x0d27fff8, 0x0d280000)
  from space 17472K,  99% used [0x0e390000, 0x0f49fcb0, 0x0f4a0000)
  to   space 17472K,   0% used [0x0d280000, 0x0d280000, 0x0e390000)
 tenured generation   total 349568K, used 349568K [0x0f4a0000, 0x24a00000, 0x24a00000)
   the space 349568K, 100% used [0x0f4a0000, 0x24a00000, 0x24a00000, 0x24a00000)
 Metaspace       used 22284K, capacity 22798K, committed 22912K, reserved 22912K
}
Event: 902.268 GC heap before
{Heap before GC invocations=2200 (full 1206):
 def new generation   total 157248K, used 157247K [0x04a00000, 0x0f4a0000, 0x0f4a0000)
  eden space 139776K,  99% used [0x04a00000, 0x0d27fff8, 0x0d280000)
  from space 17472K,  99% used [0x0e390000, 0x0f49ffd8, 0x0f4a0000)
  to   space 17472K,   0% used [0x0d280000, 0x0d280000, 0x0e390000)
 tenured generation   total 349568K, used 349568K [0x0f4a0000, 0x24a00000, 0x24a00000)
   the space 349568K, 100% used [0x0f4a0000, 0x24a00000, 0x24a00000, 0x24a00000)
 Metaspace       used 22284K, capacity 22798K, committed 22912K, reserved 22912K
Event: 902.585 GC heap after
Heap after GC invocations=2201 (full 1207):
 def new generation   total 157248K, used 157247K [0x04a00000, 0x0f4a0000, 0x0f4a0000)
  eden space 139776K,  99% used [0x04a00000, 0x0d27fff8, 0x0d280000)
  from space 17472K,  99% used [0x0e390000, 0x0f49fdb0, 0x0f4a0000)
  to   space 17472K,   0% used [0x0d280000, 0x0d280000, 0x0e390000)
 tenured generation   total 349568K, used 349568K [0x0f4a0000, 0x24a00000, 0x24a00000)
   the space 349568K, 100% used [0x0f4a0000, 0x24a00000, 0x24a00000, 0x24a00000)
 Metaspace       used 22284K, capacity 22798K, committed 22912K, reserved 22912K
}
Event: 902.585 GC heap before
{Heap before GC invocations=2201 (full 1207):
 def new generation   total 157248K, used 157247K [0x04a00000, 0x0f4a0000, 0x0f4a0000)
  eden space 139776K,  99% used [0x04a00000, 0x0d27fff8, 0x0d280000)
  from space 17472K,  99% used [0x0e390000, 0x0f49fdb0, 0x0f4a0000)
  to   space 17472K,   0% used [0x0d280000, 0x0d280000, 0x0e390000)
 tenured generation   total 349568K, used 349568K [0x0f4a0000, 0x24a00000, 0x24a00000)
   the space 349568K, 100% used [0x0f4a0000, 0x24a00000, 0x24a00000, 0x24a00000)
 Metaspace       used 22284K, capacity 22798K, committed 22912K, reserved 22912K
Event: 902.902 GC heap after
Heap after GC invocations=2202 (full 1208):
 def new generation   total 157248K, used 157247K [0x04a00000, 0x0f4a0000, 0x0f4a0000)
  eden space 139776K,  99% used [0x04a00000, 0x0d27fff8, 0x0d280000)
  from space 17472K,  99% used [0x0e390000, 0x0f49fdb0, 0x0f4a0000)
  to   space 17472K,   0% used [0x0d280000, 0x0d280000, 0x0e390000)
 tenured generation   total 349568K, used 349568K [0x0f4a0000, 0x24a00000, 0x24a00000)
   the space 349568K, 100% used [0x0f4a0000, 0x24a00000, 0x24a00000, 0x24a00000)
 Metaspace       used 22284K, capacity 22798K, committed 22912K, reserved 22912K
}

Deoptimization events (0 events):
No events

Classes redefined (0 events):
No events

Internal exceptions (10 events):
Event: 85.519 Thread 0x29198c00 Exception <a 'java/io/IOException'> (0x070ee200) thrown at [C:\workspace\8-2-build-windows-i586-cygwin\jdk8u191\11896\hotspot\src\share\vm\prims\jni.cpp, line 709]
Event: 85.524 Thread 0x29198000 Exception <a 'sun/nio/fs/WindowsException'> (0x071f7ae0) thrown at [C:\workspace\8-2-build-windows-i586-cygwin\jdk8u191\11896\hotspot\src\share\vm\prims\jni.cpp, line 709]
Event: 85.524 Thread 0x29198000 Exception <a 'sun/nio/fs/WindowsException'> (0x071f8150) thrown at [C:\workspace\8-2-build-windows-i586-cygwin\jdk8u191\11896\hotspot\src\share\vm\prims\jni.cpp, line 709]
Event: 85.525 Thread 0x29198000 Exception <a 'sun/nio/fs/WindowsException'> (0x071f8858) thrown at [C:\workspace\8-2-build-windows-i586-cygwin\jdk8u191\11896\hotspot\src\share\vm\prims\jni.cpp, line 709]
Event: 85.525 Thread 0x29198000 Exception <a 'sun/nio/fs/WindowsException'> (0x071f8e88) thrown at [C:\workspace\8-2-build-windows-i586-cygwin\jdk8u191\11896\hotspot\src\share\vm\prims\jni.cpp, line 709]
Event: 85.525 Thread 0x29198000 Exception <a 'sun/nio/fs/WindowsException'> (0x072dde08) thrown at [C:\workspace\8-2-build-windows-i586-cygwin\jdk8u191\11896\hotspot\src\share\vm\prims\jni.cpp, line 709]
Event: 85.525 Thread 0x29198000 Exception <a 'sun/nio/fs/WindowsException'> (0x072de3d8) thrown at [C:\workspace\8-2-build-windows-i586-cygwin\jdk8u191\11896\hotspot\src\share\vm\prims\jni.cpp, line 709]
Event: 85.525 Thread 0x29198000 Exception <a 'sun/nio/fs/WindowsException'> (0x072defa8) thrown at [C:\workspace\8-2-build-windows-i586-cygwin\jdk8u191\11896\hotspot\src\share\vm\prims\jni.cpp, line 709]
Event: 901.004 Thread 0x26574400 Exception <a 'java/lang/OutOfMemoryError'> (0x0f531d80) thrown at [C:\workspace\8-2-build-windows-i586-cygwin\jdk8u191\11896\hotspot\src\share\vm\gc_interface/collectedHeap.inline.hpp, line 159]
Event: 902.902 Thread 0x2919cc00 Exception <a 'java/lang/OutOfMemoryError'> (0x0f531d60) thrown at [C:\workspace\8-2-build-windows-i586-cygwin\jdk8u191\11896\hotspot\src\share\vm\gc_interface/collectedHeap.inline.hpp, line 159]

Events (10 events):
Event: 901.319 Executing VM operation: GenCollectForAllocation done
Event: 901.319 Executing VM operation: GenCollectForAllocation
Event: 901.636 Executing VM operation: GenCollectForAllocation done
Event: 901.636 Executing VM operation: GenCollectForAllocation
Event: 901.953 Executing VM operation: GenCollectForAllocation done
Event: 901.953 Executing VM operation: GenCollectForAllocation
Event: 902.268 Executing VM operation: GenCollectForAllocation done
Event: 902.268 Executing VM operation: GenCollectForAllocation
Event: 902.902 Executing VM operation: GenCollectForAllocation done
Event: 902.902 Executing VM operation: GenCollectForAllocation


Dynamic libraries:
0x00860000 - 0x00893000 	C:\Program Files\Arduino\java\bin\javaw.exe
0x77c50000 - 0x77df3000 	C:\Windows\SYSTEM32\ntdll.dll
0x75b20000 - 0x75c10000 	C:\Windows\System32\KERNEL32.DLL
0x777f0000 - 0x77a08000 	C:\Windows\System32\KERNELBASE.dll
0x774f0000 - 0x7756b000 	C:\Windows\System32\ADVAPI32.dll
0x75c30000 - 0x75cef000 	C:\Windows\System32\msvcrt.dll
0x77290000 - 0x77306000 	C:\Windows\System32\sechost.dll
0x77710000 - 0x777ce000 	C:\Windows\System32\RPCRT4.dll
0x77570000 - 0x7770c000 	C:\Windows\System32\USER32.dll
0x75c10000 - 0x75c28000 	C:\Windows\System32\win32u.dll
0x76c90000 - 0x76cb3000 	C:\Windows\System32\GDI32.dll
0x77ab0000 - 0x77b8c000 	C:\Windows\System32\gdi32full.dll
0x76160000 - 0x761db000 	C:\Windows\System32\msvcp_win.dll
0x767a0000 - 0x768c0000 	C:\Windows\System32\ucrtbase.dll
0x6a0e0000 - 0x6a2f0000 	C:\Windows\WinSxS\x86_microsoft.windows.common-controls_6595b64144ccf1df_6.0.19041.1110_none_a8625c1886757984\COMCTL32.dll
0x773e0000 - 0x77405000 	C:\Windows\System32\IMM32.DLL
0x6be90000 - 0x6bf4f000 	C:\Program Files\Arduino\java\bin\msvcr100.dll
0x50820000 - 0x50bf3000 	C:\Program Files\Arduino\java\bin\client\jvm.dll
0x76a40000 - 0x76a46000 	C:\Windows\System32\PSAPI.DLL
0x6bd40000 - 0x6bd48000 	C:\Windows\SYSTEM32\WSOCK32.dll
0x757f0000 - 0x757f8000 	C:\Windows\SYSTEM32\VERSION.dll
0x75a80000 - 0x75aa8000 	C:\Windows\SYSTEM32\WINMM.dll
0x768c0000 - 0x76923000 	C:\Windows\System32\WS2_32.dll
0x6c180000 - 0x6c1b0000 	C:\Program Files\Arduino\java\bin\splashscreen.dll
0x71bd0000 - 0x71c44000 	C:\Windows\system32\uxtheme.dll
0x75cf0000 - 0x75f6f000 	C:\Windows\System32\combase.dll
0x6c170000 - 0x6c17c000 	C:\Program Files\Arduino\java\bin\verify.dll
0x6c140000 - 0x6c162000 	C:\Program Files\Arduino\java\bin\java.dll
0x77410000 - 0x774e4000 	C:\Windows\System32\MSCTF.dll
0x77a10000 - 0x77aa6000 	C:\Windows\System32\OLEAUT32.dll
0x6be70000 - 0x6be84000 	C:\Program Files\Arduino\java\bin\zip.dll
0x75ad0000 - 0x75adf000 	C:\Windows\SYSTEM32\kernel.appcore.dll
0x77310000 - 0x7736f000 	C:\Windows\System32\bcryptPrimitives.dll
0x57ea0000 - 0x57f59000 	C:\Windows\SYSTEM32\textinputframework.dll
0x57b80000 - 0x57dfe000 	C:\Windows\System32\CoreUIComponents.dll
0x57e00000 - 0x57e9b000 	C:\Windows\System32\CoreMessaging.dll
0x76ba0000 - 0x76c27000 	C:\Windows\System32\SHCORE.dll
0x75ae0000 - 0x75b09000 	C:\Windows\SYSTEM32\ntmarta.dll
0x61870000 - 0x6194b000 	C:\Windows\SYSTEM32\wintypes.dll
0x761e0000 - 0x76796000 	C:\Windows\System32\SHELL32.dll
0x72370000 - 0x7297c000 	C:\Windows\SYSTEM32\windows.storage.dll
0x71ac0000 - 0x71ae4000 	C:\Windows\SYSTEM32\Wldp.dll
0x77b90000 - 0x77bd5000 	C:\Windows\System32\shlwapi.dll
0x75870000 - 0x75888000 	C:\Windows\SYSTEM32\profapi.dll
0x26690000 - 0x26703000 	C:\Program Files\Arduino\lib\listSerialsj.dll
0x76e50000 - 0x7728b000 	C:\Windows\System32\SETUPAPI.dll
0x75f70000 - 0x75fab000 	C:\Windows\System32\cfgmgr32.dll
0x76cc0000 - 0x76cd9000 	C:\Windows\System32\bcrypt.dll
0x6be50000 - 0x6be6d000 	C:\Program Files\Arduino\lib\jnidispatch-4.2.2-win32-x86.dll
0x75fb0000 - 0x76093000 	C:\Windows\System32\Ole32.dll
0x6be30000 - 0x6be45000 	C:\Program Files\Arduino\java\bin\net.dll
0x75590000 - 0x755e2000 	C:\Windows\system32\mswsock.dll
0x6c130000 - 0x6c13f000 	C:\Program Files\Arduino\java\bin\nio.dll
0x6a450000 - 0x6a597000 	C:\Program Files\Arduino\java\bin\awt.dll
0x69f60000 - 0x69fff000 	C:\Windows\SYSTEM32\apphelp.dll
0x71ba0000 - 0x71bc6000 	C:\Windows\system32\DWMAPI.DLL
0x6bdb0000 - 0x6bde9000 	C:\Program Files\Arduino\java\bin\fontmanager.dll
0x6b9f0000 - 0x6baf4000 	C:\Windows\system32\opengl32.dll
0x6bd70000 - 0x6bdaf000 	C:\Windows\SYSTEM32\GLU32.dll
0x6a410000 - 0x6a442000 	C:\Program Files\Arduino\java\bin\t2k.dll
0x6cfe0000 - 0x6d004000 	C:\Windows\SYSTEM32\DEVOBJ.dll
0x76b50000 - 0x76b9d000 	C:\Windows\System32\WINTRUST.dll
0x76a50000 - 0x76b4a000 	C:\Windows\System32\CRYPT32.dll
0x75b10000 - 0x75b1e000 	C:\Windows\SYSTEM32\MSASN1.dll
0x756d0000 - 0x75702000 	C:\Windows\SYSTEM32\IPHLPAPI.DLL
0x760a0000 - 0x760a7000 	C:\Windows\System32\NSI.dll
0x75570000 - 0x75584000 	C:\Windows\SYSTEM32\dhcpcsvc6.DLL
0x75550000 - 0x75566000 	C:\Windows\SYSTEM32\dhcpcsvc.DLL
0x75400000 - 0x75491000 	C:\Windows\SYSTEM32\DNSAPI.dll
0x757a0000 - 0x757b3000 	C:\Windows\SYSTEM32\CRYPTSP.dll
0x75770000 - 0x7579f000 	C:\Windows\system32\rsaenh.dll
0x75890000 - 0x758b5000 	C:\Windows\SYSTEM32\USERENV.dll
0x75760000 - 0x7576a000 	C:\Windows\SYSTEM32\CRYPTBASE.dll
0x6ee00000 - 0x6ee11000 	C:\Windows\system32\napinsp.dll
0x6ed40000 - 0x6ed56000 	C:\Windows\system32\pnrpnsp.dll
0x6ed30000 - 0x6ed40000 	C:\Windows\system32\wshbth.dll
0x6ed10000 - 0x6ed26000 	C:\Windows\system32\NLAapi.dll
0x6ed00000 - 0x6ed0e000 	C:\Windows\System32\winrnr.dll
0x753d0000 - 0x753f1000 	C:\Program Files (x86)\Bonjour\mdnsNSP.dll
0x6a3f0000 - 0x6a405000 	C:\Windows\SYSTEM32\dnssd.dll
0x6ec50000 - 0x6eca9000 	C:\Windows\System32\fwpuclnt.dll
0x753c0000 - 0x753c8000 	C:\Windows\System32\rasadhlp.dll
0x6a3d0000 - 0x6a3f0000 	C:\Program Files\Arduino\java\bin\sunec.dll
0x6bd60000 - 0x6bd69000 	C:\Program Files\Arduino\java\bin\sunmscapi.dll
0x6fc20000 - 0x6fcad000 	C:\Windows\WinSxS\x86_microsoft.windows.common-controls_6595b64144ccf1df_5.82.19041.1110_none_c0da534e38c01f4d\comctl32.dll
0x6a360000 - 0x6a3c9000 	C:\Program Files\Arduino\msvcp100.dll
0x55290000 - 0x5534e000 	C:\Program Files\Arduino\msvcr100.dll
0x26a20000 - 0x26a52000 	C:\Program Files\Arduino\lib\AStylej.dll
0x6a330000 - 0x6a354000 	C:\Program Files\Arduino\java\bin\dcpr.dll
0x769c0000 - 0x76a3e000 	C:\Windows\System32\clbcatq.dll
0x560a0000 - 0x56211000 	C:\Windows\SYSTEM32\WindowsCodecs.dll
0x56bf0000 - 0x56c21000 	C:\Windows\system32\dataexchange.dll
0x680d0000 - 0x682b0000 	C:\Windows\system32\d3d11.dll
0x621e0000 - 0x62344000 	C:\Windows\system32\dcomp.dll
0x686f0000 - 0x687b2000 	C:\Windows\system32\dxgi.dll
0x62410000 - 0x6259f000 	C:\Windows\system32\twinapi.appcore.dll
0x64000000 - 0x6401b000 	C:\Program Files\Arduino\lib\jSSC-2.8_x86.dll
0x6bf50000 - 0x6c0d8000 	C:\Windows\SYSTEM32\dbghelp.dll

VM Arguments:
jvm_args: -Dsun.java2d.d3d=false -Djna.nosys=true -Djna.nounpack=true -Djna.boot.library.name=jnidispatch-4.2.2-win32-x86 -Djna.boot.library.path=C:\Program Files\Arduino/lib -Djssc.library.path=C:\Program Files\Arduino/lib -DAPP_DIR=C:\Program Files\Arduino -Xms128M -Xmx512M -Dfile.encoding=UTF8 -Djava.net.preferIPv4Stack=true 
java_command: processing.app.Base D:\GitHub\Esp32GameConsole-\Game\main\main.ino
java_class_path (initial): C:\Program Files\Arduino\lib\apple.jar;C:\Program Files\Arduino\lib\arduino-core.jar;C:\Program Files\Arduino\lib\batik-1.8.jar;C:\Program Files\Arduino\lib\batik-anim-1.8.jar;C:\Program Files\Arduino\lib\batik-awt-util-1.8.jar;C:\Program Files\Arduino\lib\batik-bridge-1.8.jar;C:\Program Files\Arduino\lib\batik-codec-1.8.jar;C:\Program Files\Arduino\lib\batik-css-1.8.jar;C:\Program Files\Arduino\lib\batik-dom-1.8.jar;C:\Program Files\Arduino\lib\batik-ext-1.8.jar;C:\Program Files\Arduino\lib\batik-gvt-1.8.jar;C:\Program Files\Arduino\lib\batik-parser-1.8.jar;C:\Program Files\Arduino\lib\batik-rasterizer-1.8.jar;C:\Program Files\Arduino\lib\batik-script-1.8.jar;C:\Program Files\Arduino\lib\batik-squiggle-1.8.jar;C:\Program Files\Arduino\lib\batik-svg-dom-1.8.jar;C:\Program Files\Arduino\lib\batik-svgpp-1.8.jar;C:\Program Files\Arduino\lib\batik-transcoder-1.8.jar;C:\Program Files\Arduino\lib\batik-util-1.8.jar;C:\Program Files\Arduino\lib\batik-xml-1.8.jar;C:\Program Files\Arduino\lib\bcpg-jdk15on-152.jar;C:\Program Files\Arduino\lib\bcprov-jdk15on-152.jar;C:\Program Files\Arduino\lib\commons-codec-1.7.jar;C:\Program Files\Arduino\lib\commons-compress-1.8.jar;C:\Program Files\Arduino\lib\commons-exec-1.1.jar;C:\Program Files\Arduino\lib\commons-httpclient-3.1.jar;C:\Program Files\Arduino\lib\commons-lang3-3.8.1.jar;C:\Program Files\Arduino\lib\commons-logging-1.0.4.jar;C:\Program Files\Arduino\lib\commons-net-3.3.jar;C:\Program Files\Arduino\lib\commons-io-2.6.jar;C:\Program Files\Arduino\lib\jackson-annotations-2.9.5.jar;C:\Program Files\Arduino\lib\jackson-core-2.9.5.jar;C:\Program Files\Arduino\lib\jackson-databind-2.9.5.jar;C:\Program Files\Arduino\lib\java-semver-0.8.0.jar;C:\Program Files\Arduino\lib\jmdns-3.5.5.jar;C:\Program Files\Arduino\lib\jtouchbar-1.0.0.jar;C:\Program Files\Arduino\lib\slf4j-simple-1.7.22.jar;C:\Program Files\Arduino\lib\slf4j-api-1.7.22.jar;C:\Program Files\Arduino\lib\jna-4.2.2.jar;C:\Program Files\Arduino\
Launcher Type: SUN_STANDARD

Environment Variables:
PATH=C:\Program Files (x86)\Common Files\Oracle\Java\javapath;C:\Program Files (x86)\NVIDIA Corporation\PhysX\Common;C:\Windows\system32;C:\Windows;C:\Windows\System32\Wbem;C:\Windows\System32\WindowsPowerShell\v1.0\;C:\Windows\System32\OpenSSH\;C:\Program Files\Microsoft SQL Server\Client SDK\ODBC\110\Tools\Binn\;C:\Program Files (x86)\Microsoft SQL Server\120\Tools\Binn\;C:\Program Files\Microsoft SQL Server\120\Tools\Binn\;C:\Program Files\Microsoft SQL Server\120\DTS\Binn\;C:\Program Files (x86)\Windows Kits\8.1\Windows Performance Toolkit\;C:\Program Files\MATLAB\R2022a\runtime\win64;C:\Program Files\MATLAB\R2022a\bin;D:\MatLAB\bin;C:\Program Files\NVIDIA Corporation\NVIDIA NvDLISR;C:\Program Files\nodejs\;C:\ProgramData\chocolatey\bin;C:\Program Files (x86)\dotnet\;C:\Program Files\PuTTY\;C:\Users\baser\AppData\Local\Programs\Python\Python38\Scripts\;C:\Users\baser\AppData\Local\Programs\Python\Python38\;C:\Users\baser\AppData\Local\Microsoft\WindowsApps;C:\Users\baser\AppData\Local\GitHubDesktop\bin;C:\Users\baser\AppData\Local\Programs\Microsoft VS Code\bin;C:\Users\baser\AppData\Roaming\npm;C:\Program Files\Arduino\java\bin
USERNAME=baser
OS=Windows_NT
PROCESSOR_IDENTIFIER=Intel64 Family 6 Model 158 Stepping 12, GenuineIntel



---------------  S Y S T E M  ---------------

OS: Windows 10.0 , 64 bit Build 19041 (10.0.19041.1706)

CPU:total 8 (initial active 8) (8 cores per cpu, 1 threads per core) family 6 model 158 stepping 12, cmov, cx8, fxsr, mmx, sse, sse2, sse3, ssse3, sse4.1, sse4.2, popcnt, avx, avx2, aes, clmul, erms, rtm, 3dnowpref, lzcnt, tsc, tscinvbit, bmi1, bmi2, adx

Memory: 4k page, physical 16714224k(9155512k free), swap 24054256k(11634556k free)

vm_info: Java HotSpot(TM) Client VM (25.191-b12) for windows-x86 JRE (1.8.0_191-b12), built on Oct  6 2018 08:34:23 by "java_re" with MS VC++ 10.0 (VS2010)

time: Mon May 16 20:07:20 2022
elapsed time: 902 seconds (0d 0h 15m 2s)

